<?xml version="1.0" encoding="UTF-8"?>
<!-- Generated by org.testng.reporters.JUnitReportReporter -->
<testsuite hostname="at02guvi01" name="test.AccountsSectionTest" tests="1" failures="0" timestamp="8 Dec 2016 00:39:31 GMT" time="21.688" errors="0">
  <testcase name="testSalesAccecs" time="21.688" classname="test.AccountsSectionTest"/>
</testsuite> <!-- test.AccountsSectionTest -->
