<?xml version="1.0" encoding="UTF-8"?>
<!-- Generated by org.testng.reporters.JUnitReportReporter -->
<testsuite hostname="at02guvi01" name="test.LoginTest" tests="1" failures="0" timestamp="6 Dec 2016 22:54:49 GMT" time="11.790" errors="0">
  <testcase name="testHomePageDashboardTitle" time="11.790" classname="test.LoginTest"/>
</testsuite> <!-- test.LoginTest -->
