<?xml version="1.0" encoding="UTF-8"?>
<!-- Generated by org.testng.reporters.JUnitReportReporter -->
<testsuite hostname="at02guvi01" name="test.LoginTest" tests="1" failures="0" timestamp="8 Dec 2016 00:39:31 GMT" time="30.261" errors="0">
  <testcase name="testLogin" time="30.261" classname="test.LoginTest"/>
</testsuite> <!-- test.LoginTest -->
