<?xml version="1.0" encoding="UTF-8"?>
<!-- Generated by org.testng.reporters.JUnitReportReporter -->
<testsuite hostname="at02guvi01" name="test.CreateAccountTest" tests="1" failures="0" timestamp="8 Dec 2016 00:39:31 GMT" time="33.012" errors="0">
  <testcase name="testCreateAccountTest" time="33.012" classname="test.CreateAccountTest"/>
</testsuite> <!-- test.CreateAccountTest -->
